<?xml version="1.0" encoding="UTF-8"?>
<testsuite xmlns:xsi="http://www.w3.org/2001/XMLSchema-instance" xsi:noNamespaceSchemaLocation="https://maven.apache.org/surefire/maven-surefire-plugin/xsd/surefire-test-report-3.0.xsd" version="3.0" name="com.eguerra.AppTest" time="0.059" tests="1" errors="0" skipped="0" failures="0">
  <properties>
    <property name="java.specification.version" value="19"/>
    <property name="sun.cpu.isalist" value="amd64"/>
    <property name="sun.jnu.encoding" value="Cp1252"/>
    <property name="java.class.path" value="C:\Users\ebgue\Documents\Backup\Personal\URL\InteligenciaArtificial\InteligenciaArtificial\Repaso\demo_csp\target\test-classes;C:\Users\ebgue\Documents\Backup\Personal\URL\InteligenciaArtificial\InteligenciaArtificial\Repaso\demo_csp\target\classes;C:\Users\ebgue\.m2\repository\junit\junit\4.13.2\junit-4.13.2.jar;C:\Users\ebgue\.m2\repository\org\hamcrest\hamcrest-core\1.3\hamcrest-core-1.3.jar;"/>
    <property name="java.vm.vendor" value="Oracle Corporation"/>
    <property name="sun.arch.data.model" value="64"/>
    <property name="user.variant" value=""/>
    <property name="java.vendor.url" value="https://java.oracle.com/"/>
    <property name="user.timezone" value="America/Guatemala"/>
    <property name="os.name" value="Windows 11"/>
    <property name="java.vm.specification.version" value="19"/>
    <property name="sun.java.launcher" value="SUN_STANDARD"/>
    <property name="user.country" value="GT"/>
    <property name="sun.boot.library.path" value="C:\Program Files\Java\jdk-19\bin"/>
    <property name="sun.java.command" value="C:\Users\ebgue\AppData\Local\Temp\surefire115167355320500763\surefirebooter-20240215190658991_3.jar C:\Users\ebgue\AppData\Local\Temp\surefire115167355320500763 2024-02-15T19-06-58_844-jvmRun1 surefire-20240215190658991_1tmp surefire_0-20240215190658991_2tmp"/>
    <property name="jdk.debug" value="release"/>
    <property name="surefire.test.class.path" value="C:\Users\ebgue\Documents\Backup\Personal\URL\InteligenciaArtificial\InteligenciaArtificial\Repaso\demo_csp\target\test-classes;C:\Users\ebgue\Documents\Backup\Personal\URL\InteligenciaArtificial\InteligenciaArtificial\Repaso\demo_csp\target\classes;C:\Users\ebgue\.m2\repository\junit\junit\4.13.2\junit-4.13.2.jar;C:\Users\ebgue\.m2\repository\org\hamcrest\hamcrest-core\1.3\hamcrest-core-1.3.jar;"/>
    <property name="sun.cpu.endian" value="little"/>
    <property name="user.home" value="C:\Users\ebgue"/>
    <property name="user.language" value="es"/>
    <property name="java.specification.vendor" value="Oracle Corporation"/>
    <property name="java.version.date" value="2022-10-18"/>
    <property name="java.home" value="C:\Program Files\Java\jdk-19"/>
    <property name="file.separator" value="\"/>
    <property name="basedir" value="C:\Users\ebgue\Documents\Backup\Personal\URL\InteligenciaArtificial\InteligenciaArtificial\Repaso\demo_csp"/>
    <property name="java.vm.compressedOopsMode" value="Zero based"/>
    <property name="line.separator" value="&#10;"/>
    <property name="java.vm.specification.vendor" value="Oracle Corporation"/>
    <property name="java.specification.name" value="Java Platform API Specification"/>
    <property name="surefire.real.class.path" value="C:\Users\ebgue\AppData\Local\Temp\surefire115167355320500763\surefirebooter-20240215190658991_3.jar"/>
    <property name="user.script" value=""/>
    <property name="sun.management.compiler" value="HotSpot 64-Bit Tiered Compilers"/>
    <property name="java.runtime.version" value="19.0.1+10-21"/>
    <property name="user.name" value="EbGu3"/>
    <property name="stdout.encoding" value="Cp1252"/>
    <property name="path.separator" value=";"/>
    <property name="os.version" value="10.0"/>
    <property name="java.runtime.name" value="Java(TM) SE Runtime Environment"/>
    <property name="file.encoding" value="UTF-8"/>
    <property name="java.vm.name" value="Java HotSpot(TM) 64-Bit Server VM"/>
    <property name="localRepository" value="C:\Users\ebgue\.m2\repository"/>
    <property name="java.vendor.url.bug" value="https://bugreport.java.com/bugreport/"/>
    <property name="java.io.tmpdir" value="C:\Users\ebgue\AppData\Local\Temp\"/>
    <property name="java.version" value="19.0.1"/>
    <property name="user.dir" value="C:\Users\ebgue\Documents\Backup\Personal\URL\InteligenciaArtificial\InteligenciaArtificial\Repaso\demo_csp"/>
    <property name="os.arch" value="amd64"/>
    <property name="java.vm.specification.name" value="Java Virtual Machine Specification"/>
    <property name="sun.os.patch.level" value=""/>
    <property name="native.encoding" value="Cp1252"/>
    <property name="java.library.path" value="C:\Program Files\Java\jdk-19\bin;C:\WINDOWS\Sun\Java\bin;C:\WINDOWS\system32;C:\WINDOWS;C:\Program Files (x86)\VMware\VMware Player\bin\;C:\Program Files (x86)\Razer Chroma SDK\bin;C:\Program Files\Razer Chroma SDK\bin;C:\Program Files (x86)\Razer\ChromaBroadcast\bin;C:\Program Files\Razer\ChromaBroadcast\bin;C:\Program Files\Common Files\Oracle\Java\javapath;C:\Program Files\Eclipse Foundation\jdk-8.0.302.8-hotspot\bin;C:\WINDOWS\system32;C:\WINDOWS;C:\WINDOWS\System32\Wbem;C:\WINDOWS\System32\WindowsPowerShell\v1.0\;C:\WINDOWS\System32\OpenSSH\;C:\Program Files\dotnet\;C:\Program Files\Microsoft SQL Server\130\Tools\Binn\;C:\Program Files\Microsoft SQL Server\Client SDK\ODBC\170\Tools\Binn\;C:\Program Files (x86)\Microsoft SQL Server\150\Tools\Binn\;C:\Program Files\Microsoft SQL Server\150\Tools\Binn\;C:\Program Files\Microsoft SQL Server\150\DTS\Binn\;C:\Program Files (x86)\Microsoft SQL Server\150\DTS\Binn\;C:\Program Files\Azure Data Studio\bin;C:\Program Files\Microchip\xc8\v2.32\bin;C:\Program Files (x86)\PICCDEMO;C:\Program Files\Docker\Docker\resources\bin;C:\WINDOWS\system32;C:\WINDOWS;C:\WINDOWS\System32\Wbem;C:\WINDOWS\System32\WindowsPowerShell\v1.0\;C:\WINDOWS\System32\OpenSSH\;C:\Users\ebgue\AppData\Local\Programs\Python\Python310\Scripts\;C:\Users\ebgue\AppData\Local\Programs\Python\Python310\;C:\Users\ebgue\AppData\Local\Microsoft\WindowsApps;C:\Users\ebgue\.dotnet\tools;C:\Users\ebgue\AppData\Local\Programs\Microsoft VS Code\bin;C:\Users\ebgue\AppData\Local\GitHubDesktop\bin;C:\Users\ebgue\AppData\Roaming\npm;C:\Users\ebgue\AppData\Local\atom\bin;C:\Users\ebgue\.dotnet\tools;C:\Users\ebgue\AppData\Local\Microsoft\WindowsApps;C:\WINDOWS\system32\config\systemprofile\AppData\Local\Microsoft\WindowsApps;C:\Program Files (x86)\Microsoft SQL Server\160\Tools\Binn\;C:\Program Files\Microsoft SQL Server\160\Tools\Binn\;C:\Program Files\Microsoft SQL Server\160\DTS\Binn\;C:\maven\bin;C:\Program Files\NVIDIA Corporation\NVIDIA NvDLISR;C:\Program Files (x86)\NVIDIA Corporation\PhysX\Common;C:\Program Files\nodejs\;C:\Program Files\Git\cmd;C:\tools\dart-sdk\bin;C:\dev\flutter\bin;C:\Program Files\GitHub CLI\;C:\Program Files\TortoiseSVN\bin;C:\Users\ebgue\AppData\Local\Programs\Python\Python312\Scripts\;C:\Users\ebgue\AppData\Local\Programs\Python\Python312\;C:\Users\ebgue\AppData\Local\Programs\Python\Python310\Scripts\;C:\Users\ebgue\AppData\Local\Programs\Python\Python310\;C:\Users\ebgue\AppData\Local\Microsoft\WindowsApps;C:\Users\ebgue\.dotnet\tools;C:\Users\ebgue\AppData\Local\Programs\Microsoft VS Code\bin;C:\Program Files\Azure Data Studio\bin;C:\Users\ebgue\AppData\Local\atom\bin;C:\Users\ebgue\.dotnet\tools;C:\Users\ebgue\AppData\Local\Microsoft\WindowsApps;C:\Exercism;C:\Users\ebgue\AppData\Local\JetBrains\IntelliJ IDEA Community Edition 2023.2\bin;;C:\Users\ebgue\AppData\Local\Programs\oh-my-posh\bin;C:\Users\ebgue\AppData\Roaming\npm;C:\Users\ebgue\AppData\Local\Android\Sdk\platform-tools;C:\dev\flutter\bin;C:\Users\ebgue\AppData\Local\JetBrains\IntelliJ IDEA Community Edition 2023.2\bin;C:\Ejecutables\apache-maven-3.9.6\bin;C:\exe\kubectl;C:\Users\ebgue\AppData\Local\GitHubDesktop\bin;."/>
    <property name="java.vm.info" value="mixed mode, sharing"/>
    <property name="stderr.encoding" value="Cp1252"/>
    <property name="java.vendor" value="Oracle Corporation"/>
    <property name="java.vm.version" value="19.0.1+10-21"/>
    <property name="sun.io.unicode.encoding" value="UnicodeLittle"/>
    <property name="java.class.version" value="63.0"/>
  </properties>
  <testcase name="shouldAnswerWithTrue" classname="com.eguerra.AppTest" time="0.003"/>
</testsuite>